flutter_demo/build/app/intermediates/manifest_merge_blame_file/release/processReleaseMainManifest/manifest-merger-blame-release-report.txt
1<?xml version="1.0" encoding="utf-8"?>
2<manifest xmlns:android="http://schemas.android.com/apk/res/android"
3    package="com.example.flutter_demo_frontend"
4    android:versionCode="2"
5    android:versionName="0.1.0" >
6
7    <uses-sdk
8        android:minSdkVersion="24"
9        android:targetSdkVersion="36" />
10    <!-- Permissions for internet access and image picker -->
11    <uses-permission android:name="android.permission.INTERNET" />
11-->src\main\AndroidManifest.xml:3:5-66
11-->src\main\AndroidManifest.xml:3:22-64
12    <uses-permission
12-->src\main\AndroidManifest.xml:4:5-106
13        android:name="android.permission.READ_EXTERNAL_STORAGE"
13-->src\main\AndroidManifest.xml:4:22-77
14        android:maxSdkVersion="32" />
14-->src\main\AndroidManifest.xml:4:78-104
15    <uses-permission android:name="android.permission.READ_MEDIA_IMAGES" />
15-->src\main\AndroidManifest.xml:5:5-75
15-->src\main\AndroidManifest.xml:5:22-73
16    <!--
17         Required to query activities that can process text, see:
18         https://developer.android.com/training/package-visibility and
19         https://developer.android.com/reference/android/content/Intent#ACTION_PROCESS_TEXT.
20
21         In particular, this is used by the Flutter engine in io.flutter.plugin.text.ProcessTextPlugin.
22    -->
23    <queries>
23-->src\main\AndroidManifest.xml:46:5-51:15
24        <intent>
24-->src\main\AndroidManifest.xml:47:9-50:18
25            <action android:name="android.intent.action.PROCESS_TEXT" />
25-->src\main\AndroidManifest.xml:48:13-72
25-->src\main\AndroidManifest.xml:48:21-70
26
27            <data android:mimeType="text/plain" />
27-->src\main\AndroidManifest.xml:49:13-50
27-->src\main\AndroidManifest.xml:49:19-48
28        </intent>
29    </queries>
30
31    <permission
31-->[androidx.core:core:1.13.1] AndroidManifest.xml:22:5-24:47
32        android:name="com.example.flutter_demo_frontend.DYNAMIC_RECEIVER_NOT_EXPORTED_PERMISSION"
32-->[androidx.core:core:1.13.1] AndroidManifest.xml:23:9-81
33        android:protectionLevel="signature" />
33-->[androidx.core:core:1.13.1] AndroidManifest.xml:24:9-44
34
35    <uses-permission android:name="com.example.flutter_demo_frontend.DYNAMIC_RECEIVER_NOT_EXPORTED_PERMISSION" />
35-->[androidx.core:core:1.13.1] AndroidManifest.xml:26:5-97
35-->[androidx.core:core:1.13.1] AndroidManifest.xml:26:22-94
36
37    <application
38        android:name="android.app.Application"
38-->src\main\AndroidManifest.xml:9:9-42
39        android:appComponentFactory="androidx.core.app.CoreComponentFactory"
39-->[androidx.core:core:1.13.1] AndroidManifest.xml:28:18-86
40        android:extractNativeLibs="false"
41        android:icon="@mipmap/ic_launcher"
41-->src\main\AndroidManifest.xml:10:9-43
42        android:label="flutter_demo_frontend"
42-->src\main\AndroidManifest.xml:8:9-46
43        android:networkSecurityConfig="@xml/network_security_config"
43-->src\main\AndroidManifest.xml:12:9-69
44        android:usesCleartextTraffic="true" >
44-->src\main\AndroidManifest.xml:11:9-44
45        <activity
45-->src\main\AndroidManifest.xml:13:9-34:20
46            android:name="com.example.flutter_demo_frontend.MainActivity"
46-->src\main\AndroidManifest.xml:14:13-41
47            android:configChanges="orientation|keyboardHidden|keyboard|screenSize|smallestScreenSize|locale|layoutDirection|fontScale|screenLayout|density|uiMode"
47-->src\main\AndroidManifest.xml:19:13-163
48            android:exported="true"
48-->src\main\AndroidManifest.xml:15:13-36
49            android:hardwareAccelerated="true"
49-->src\main\AndroidManifest.xml:20:13-47
50            android:launchMode="singleTop"
50-->src\main\AndroidManifest.xml:16:13-43
51            android:taskAffinity=""
51-->src\main\AndroidManifest.xml:17:13-36
52            android:theme="@style/LaunchTheme"
52-->src\main\AndroidManifest.xml:18:13-47
53            android:windowSoftInputMode="adjustResize" >
53-->src\main\AndroidManifest.xml:21:13-55
54
55            <!--
56                 Specifies an Android theme to apply to this Activity as soon as
57                 the Android process has started. This theme is visible to the user
58                 while the Flutter UI initializes. After that, this theme continues
59                 to determine the Window background behind the Flutter UI.
60            -->
61            <meta-data
61-->src\main\AndroidManifest.xml:26:13-29:17
62                android:name="io.flutter.embedding.android.NormalTheme"
62-->src\main\AndroidManifest.xml:27:15-70
63                android:resource="@style/NormalTheme" />
63-->src\main\AndroidManifest.xml:28:15-52
64
65            <intent-filter>
65-->src\main\AndroidManifest.xml:30:13-33:29
66                <action android:name="android.intent.action.MAIN" />
66-->src\main\AndroidManifest.xml:31:17-68
66-->src\main\AndroidManifest.xml:31:25-66
67
68                <category android:name="android.intent.category.LAUNCHER" />
68-->src\main\AndroidManifest.xml:32:17-76
68-->src\main\AndroidManifest.xml:32:27-74
69            </intent-filter>
70        </activity>
71        <!--
72             Don't delete the meta-data below.
73             This is used by the Flutter tool to generate GeneratedPluginRegistrant.java
74        -->
75        <meta-data
75-->src\main\AndroidManifest.xml:37:9-39:33
76            android:name="flutterEmbedding"
76-->src\main\AndroidManifest.xml:38:13-44
77            android:value="2" />
77-->src\main\AndroidManifest.xml:39:13-30
78
79        <provider
79-->[:image_picker_android] AndroidManifest.xml:9:9-17:20
80            android:name="io.flutter.plugins.imagepicker.ImagePickerFileProvider"
80-->[:image_picker_android] AndroidManifest.xml:10:13-82
81            android:authorities="com.example.flutter_demo_frontend.flutter.image_provider"
81-->[:image_picker_android] AndroidManifest.xml:11:13-74
82            android:exported="false"
82-->[:image_picker_android] AndroidManifest.xml:12:13-37
83            android:grantUriPermissions="true" >
83-->[:image_picker_android] AndroidManifest.xml:13:13-47
84            <meta-data
84-->[:image_picker_android] AndroidManifest.xml:14:13-16:75
85                android:name="android.support.FILE_PROVIDER_PATHS"
85-->[:image_picker_android] AndroidManifest.xml:15:17-67
86                android:resource="@xml/flutter_image_picker_file_paths" />
86-->[:image_picker_android] AndroidManifest.xml:16:17-72
87        </provider> <!-- Trigger Google Play services to install the backported photo picker module. -->
88        <service
88-->[:image_picker_android] AndroidManifest.xml:19:9-31:19
89            android:name="com.google.android.gms.metadata.ModuleDependencies"
89-->[:image_picker_android] AndroidManifest.xml:20:13-78
90            android:enabled="false"
90-->[:image_picker_android] AndroidManifest.xml:21:13-36
91            android:exported="false" >
91-->[:image_picker_android] AndroidManifest.xml:22:13-37
92            <intent-filter>
92-->[:image_picker_android] AndroidManifest.xml:24:13-26:29
93                <action android:name="com.google.android.gms.metadata.MODULE_DEPENDENCIES" />
93-->[:image_picker_android] AndroidManifest.xml:25:17-94
93-->[:image_picker_android] AndroidManifest.xml:25:25-91
94            </intent-filter>
95
96            <meta-data
96-->[:image_picker_android] AndroidManifest.xml:28:13-30:36
97                android:name="photopicker_activity:0:required"
97-->[:image_picker_android] AndroidManifest.xml:29:17-63
98                android:value="" />
98-->[:image_picker_android] AndroidManifest.xml:30:17-33
99        </service>
100
101        <activity
101-->[:url_launcher_android] AndroidManifest.xml:8:9-11:74
102            android:name="io.flutter.plugins.urllauncher.WebViewActivity"
102-->[:url_launcher_android] AndroidManifest.xml:9:13-74
103            android:exported="false"
103-->[:url_launcher_android] AndroidManifest.xml:10:13-37
104            android:theme="@android:style/Theme.NoTitleBar.Fullscreen" />
104-->[:url_launcher_android] AndroidManifest.xml:11:13-71
105
106        <uses-library
106-->[androidx.window:window:1.2.0] AndroidManifest.xml:23:9-25:40
107            android:name="androidx.window.extensions"
107-->[androidx.window:window:1.2.0] AndroidManifest.xml:24:13-54
108            android:required="false" />
108-->[androidx.window:window:1.2.0] AndroidManifest.xml:25:13-37
109        <uses-library
109-->[androidx.window:window:1.2.0] AndroidManifest.xml:26:9-28:40
110            android:name="androidx.window.sidecar"
110-->[androidx.window:window:1.2.0] AndroidManifest.xml:27:13-51
111            android:required="false" />
111-->[androidx.window:window:1.2.0] AndroidManifest.xml:28:13-37
112
113        <activity
113-->[com.google.android.gms:play-services-auth:21.0.0] AndroidManifest.xml:23:9-27:75
114            android:name="com.google.android.gms.auth.api.signin.internal.SignInHubActivity"
114-->[com.google.android.gms:play-services-auth:21.0.0] AndroidManifest.xml:24:13-93
115            android:excludeFromRecents="true"
115-->[com.google.android.gms:play-services-auth:21.0.0] AndroidManifest.xml:25:13-46
116            android:exported="false"
116-->[com.google.android.gms:play-services-auth:21.0.0] AndroidManifest.xml:26:13-37
117            android:theme="@android:style/Theme.Translucent.NoTitleBar" />
117-->[com.google.android.gms:play-services-auth:21.0.0] AndroidManifest.xml:27:13-72
118        <!--
119            Service handling Google Sign-In user revocation. For apps that do not integrate with
120            Google Sign-In, this service will never be started.
121        -->
122        <service
122-->[com.google.android.gms:play-services-auth:21.0.0] AndroidManifest.xml:33:9-37:51
123            android:name="com.google.android.gms.auth.api.signin.RevocationBoundService"
123-->[com.google.android.gms:play-services-auth:21.0.0] AndroidManifest.xml:34:13-89
124            android:exported="true"
124-->[com.google.android.gms:play-services-auth:21.0.0] AndroidManifest.xml:35:13-36
125            android:permission="com.google.android.gms.auth.api.signin.permission.REVOCATION_NOTIFICATION"
125-->[com.google.android.gms:play-services-auth:21.0.0] AndroidManifest.xml:36:13-107
126            android:visibleToInstantApps="true" />
126-->[com.google.android.gms:play-services-auth:21.0.0] AndroidManifest.xml:37:13-48
127
128        <activity
128-->[com.google.android.gms:play-services-base:18.0.1] AndroidManifest.xml:20:9-22:45
129            android:name="com.google.android.gms.common.api.GoogleApiActivity"
129-->[com.google.android.gms:play-services-base:18.0.1] AndroidManifest.xml:20:19-85
130            android:exported="false"
130-->[com.google.android.gms:play-services-base:18.0.1] AndroidManifest.xml:22:19-43
131            android:theme="@android:style/Theme.Translucent.NoTitleBar" />
131-->[com.google.android.gms:play-services-base:18.0.1] AndroidManifest.xml:21:19-78
132
133        <meta-data
133-->[com.google.android.gms:play-services-basement:18.2.0] AndroidManifest.xml:21:9-23:69
134            android:name="com.google.android.gms.version"
134-->[com.google.android.gms:play-services-basement:18.2.0] AndroidManifest.xml:22:13-58
135            android:value="@integer/google_play_services_version" />
135-->[com.google.android.gms:play-services-basement:18.2.0] AndroidManifest.xml:23:13-66
136
137        <provider
137-->[androidx.lifecycle:lifecycle-process:2.7.0] AndroidManifest.xml:24:9-32:20
138            android:name="androidx.startup.InitializationProvider"
138-->[androidx.lifecycle:lifecycle-process:2.7.0] AndroidManifest.xml:25:13-67
139            android:authorities="com.example.flutter_demo_frontend.androidx-startup"
139-->[androidx.lifecycle:lifecycle-process:2.7.0] AndroidManifest.xml:26:13-68
140            android:exported="false" >
140-->[androidx.lifecycle:lifecycle-process:2.7.0] AndroidManifest.xml:27:13-37
141            <meta-data
141-->[androidx.lifecycle:lifecycle-process:2.7.0] AndroidManifest.xml:29:13-31:52
142                android:name="androidx.lifecycle.ProcessLifecycleInitializer"
142-->[androidx.lifecycle:lifecycle-process:2.7.0] AndroidManifest.xml:30:17-78
143                android:value="androidx.startup" />
143-->[androidx.lifecycle:lifecycle-process:2.7.0] AndroidManifest.xml:31:17-49
144            <meta-data
144-->[androidx.profileinstaller:profileinstaller:1.4.0] AndroidManifest.xml:29:13-31:52
145                android:name="androidx.profileinstaller.ProfileInstallerInitializer"
145-->[androidx.profileinstaller:profileinstaller:1.4.0] AndroidManifest.xml:30:17-85
146                android:value="androidx.startup" />
146-->[androidx.profileinstaller:profileinstaller:1.4.0] AndroidManifest.xml:31:17-49
147        </provider>
148
149        <receiver
149-->[androidx.profileinstaller:profileinstaller:1.4.0] AndroidManifest.xml:34:9-52:20
150            android:name="androidx.profileinstaller.ProfileInstallReceiver"
150-->[androidx.profileinstaller:profileinstaller:1.4.0] AndroidManifest.xml:35:13-76
151            android:directBootAware="false"
151-->[androidx.profileinstaller:profileinstaller:1.4.0] AndroidManifest.xml:36:13-44
152            android:enabled="true"
152-->[androidx.profileinstaller:profileinstaller:1.4.0] AndroidManifest.xml:37:13-35
153            android:exported="true"
153-->[androidx.profileinstaller:profileinstaller:1.4.0] AndroidManifest.xml:38:13-36
154            android:permission="android.permission.DUMP" >
154-->[androidx.profileinstaller:profileinstaller:1.4.0] AndroidManifest.xml:39:13-57
155            <intent-filter>
155-->[androidx.profileinstaller:profileinstaller:1.4.0] AndroidManifest.xml:40:13-42:29
156                <action android:name="androidx.profileinstaller.action.INSTALL_PROFILE" />
156-->[androidx.profileinstaller:profileinstaller:1.4.0] AndroidManifest.xml:41:17-91
156-->[androidx.profileinstaller:profileinstaller:1.4.0] AndroidManifest.xml:41:25-88
157            </intent-filter>
158            <intent-filter>
158-->[androidx.profileinstaller:profileinstaller:1.4.0] AndroidManifest.xml:43:13-45:29
159                <action android:name="androidx.profileinstaller.action.SKIP_FILE" />
159-->[androidx.profileinstaller:profileinstaller:1.4.0] AndroidManifest.xml:44:17-85
159-->[androidx.profileinstaller:profileinstaller:1.4.0] AndroidManifest.xml:44:25-82
160            </intent-filter>
161            <intent-filter>
161-->[androidx.profileinstaller:profileinstaller:1.4.0] AndroidManifest.xml:46:13-48:29
162                <action android:name="androidx.profileinstaller.action.SAVE_PROFILE" />
162-->[androidx.profileinstaller:profileinstaller:1.4.0] AndroidManifest.xml:47:17-88
162-->[androidx.profileinstaller:profileinstaller:1.4.0] AndroidManifest.xml:47:25-85
163            </intent-filter>
164            <intent-filter>
164-->[androidx.profileinstaller:profileinstaller:1.4.0] AndroidManifest.xml:49:13-51:29
165                <action android:name="androidx.profileinstaller.action.BENCHMARK_OPERATION" />
165-->[androidx.profileinstaller:profileinstaller:1.4.0] AndroidManifest.xml:50:17-95
165-->[androidx.profileinstaller:profileinstaller:1.4.0] AndroidManifest.xml:50:25-92
166            </intent-filter>
167        </receiver>
168    </application>
169
170</manifest>